[0.010s] Invoking command in '/home/minhquang/ros2_arm_ws/build/robot': CMAKE_PREFIX_PATH=${CMAKE_PREFIX_PATH}:/opt/ros/jazzy DEBUGINFOD_URLS=https://debuginfod.ubuntu.com /usr/bin/cmake /home/minhquang/ros2_arm_ws/src/robot -DCMAKE_INSTALL_PREFIX=/home/minhquang/ros2_arm_ws/install/robot
[0.065s] -- The C compiler identification is GNU 13.3.0
[0.124s] -- The CXX compiler identification is GNU 13.3.0
[0.139s] -- Detecting C compiler ABI info
[0.227s] -- Detecting C compiler ABI info - done
[0.236s] -- Check for working C compiler: /usr/bin/cc - skipped
[0.237s] -- Detecting C compile features
[0.237s] -- Detecting C compile features - done
[0.246s] -- Detecting CXX compiler ABI info
[0.346s] -- Detecting CXX compiler ABI info - done
[0.356s] -- Check for working CXX compiler: /usr/bin/c++ - skipped
[0.356s] -- Detecting CXX compile features
[0.357s] -- Detecting CXX compile features - done
[0.361s] -- Found ament_cmake: 2.5.4 (/opt/ros/jazzy/share/ament_cmake/cmake)
[0.515s] -- Found Python3: /usr/bin/python3 (found version "3.12.3") found components: Interpreter 
[0.646s] -- Found urdf_tutorial: 1.1.0 (/opt/ros/jazzy/share/urdf_tutorial/cmake)
[0.649s] -- Found ament_lint_auto: 0.17.3 (/opt/ros/jazzy/share/ament_lint_auto/cmake)
[0.775s] -- Added test 'copyright' to check source files copyright and LICENSE
[0.779s] -- Added test 'flake8' to check Python code syntax and style conventions
[0.779s] -- Configured 'flake8' exclude dirs and/or files: 
[0.780s] -- Added test 'lint_cmake' to check CMake code style
[0.781s] -- Added test 'pep257' to check Python code against some of the docstring style conventions in PEP 257
[0.783s] -- Added test 'xmllint' to check XML markup files
[0.785s] -- Configuring done (0.8s)
[0.788s] -- Generating done (0.0s)
[0.790s] -- Build files have been written to: /home/minhquang/ros2_arm_ws/build/robot
[0.795s] Invoked command in '/home/minhquang/ros2_arm_ws/build/robot' returned '0': CMAKE_PREFIX_PATH=${CMAKE_PREFIX_PATH}:/opt/ros/jazzy DEBUGINFOD_URLS=https://debuginfod.ubuntu.com /usr/bin/cmake /home/minhquang/ros2_arm_ws/src/robot -DCMAKE_INSTALL_PREFIX=/home/minhquang/ros2_arm_ws/install/robot
[0.796s] Invoking command in '/home/minhquang/ros2_arm_ws/build/robot': CMAKE_PREFIX_PATH=${CMAKE_PREFIX_PATH}:/opt/ros/jazzy DEBUGINFOD_URLS=https://debuginfod.ubuntu.com /usr/bin/cmake --build /home/minhquang/ros2_arm_ws/build/robot -- -j8 -l8
[0.838s] Invoked command in '/home/minhquang/ros2_arm_ws/build/robot' returned '0': CMAKE_PREFIX_PATH=${CMAKE_PREFIX_PATH}:/opt/ros/jazzy DEBUGINFOD_URLS=https://debuginfod.ubuntu.com /usr/bin/cmake --build /home/minhquang/ros2_arm_ws/build/robot -- -j8 -l8
[0.848s] Invoking command in '/home/minhquang/ros2_arm_ws/build/robot': CMAKE_PREFIX_PATH=${CMAKE_PREFIX_PATH}:/opt/ros/jazzy DEBUGINFOD_URLS=https://debuginfod.ubuntu.com /usr/bin/cmake --install /home/minhquang/ros2_arm_ws/build/robot
[0.856s] -- Install configuration: ""
[0.856s] -- Installing: /home/minhquang/ros2_arm_ws/install/robot/share/robot/launch
[0.856s] -- Installing: /home/minhquang/ros2_arm_ws/install/robot/share/robot/launch/gazebo.launch.py
[0.857s] -- Installing: /home/minhquang/ros2_arm_ws/install/robot/share/robot/launch/display.launch.py
[0.857s] -- Installing: /home/minhquang/ros2_arm_ws/install/robot/share/robot/meshes
[0.857s] -- Installing: /home/minhquang/ros2_arm_ws/install/robot/share/robot/meshes/base_link.stl
[0.857s] -- Installing: /home/minhquang/ros2_arm_ws/install/robot/share/robot/meshes/gripper_l.stl
[0.857s] -- Installing: /home/minhquang/ros2_arm_ws/install/robot/share/robot/meshes/link_1.stl
[0.862s] -- Installing: /home/minhquang/ros2_arm_ws/install/robot/share/robot/meshes/link_2.stl
[0.864s] -- Installing: /home/minhquang/ros2_arm_ws/install/robot/share/robot/meshes/link_5.stl
[0.865s] -- Installing: /home/minhquang/ros2_arm_ws/install/robot/share/robot/meshes/link_6.stl
[0.866s] -- Installing: /home/minhquang/ros2_arm_ws/install/robot/share/robot/meshes/link_4.stl
[0.867s] -- Installing: /home/minhquang/ros2_arm_ws/install/robot/share/robot/meshes/link_3.stl
[0.869s] -- Installing: /home/minhquang/ros2_arm_ws/install/robot/share/robot/meshes/gripper_r.stl
[0.869s] -- Installing: /home/minhquang/ros2_arm_ws/install/robot/share/robot/urdf
[0.870s] -- Installing: /home/minhquang/ros2_arm_ws/install/robot/share/robot/urdf/gazebo.xacro
[0.870s] -- Installing: /home/minhquang/ros2_arm_ws/install/robot/share/robot/urdf/robot.xacro
[0.870s] -- Installing: /home/minhquang/ros2_arm_ws/install/robot/share/robot/urdf/robot.urdf.xacro
[0.870s] -- Installing: /home/minhquang/ros2_arm_ws/install/robot/share/robot/urdf/robot.ros2_control.xacro
[0.870s] -- Installing: /home/minhquang/ros2_arm_ws/install/robot/share/robot/rviz
[0.870s] -- Installing: /home/minhquang/ros2_arm_ws/install/robot/share/robot/rviz/config.rviz
[0.870s] -- Installing: /home/minhquang/ros2_arm_ws/install/robot/share/robot/worlds
[0.870s] -- Installing: /home/minhquang/ros2_arm_ws/install/robot/share/robot/worlds/arm_on_the_table.sdf
[0.871s] -- Installing: /home/minhquang/ros2_arm_ws/install/robot/share/robot/config
[0.871s] -- Installing: /home/minhquang/ros2_arm_ws/install/robot/share/robot/config/joint_names_robot.yaml
[0.871s] -- Installing: /home/minhquang/ros2_arm_ws/install/robot/share/robot/config/ros2_controllers.yaml
[0.871s] -- Installing: /home/minhquang/ros2_arm_ws/install/robot/share/ament_index/resource_index/package_run_dependencies/robot
[0.871s] -- Installing: /home/minhquang/ros2_arm_ws/install/robot/share/ament_index/resource_index/parent_prefix_path/robot
[0.871s] -- Installing: /home/minhquang/ros2_arm_ws/install/robot/share/robot/environment/ament_prefix_path.sh
[0.872s] -- Installing: /home/minhquang/ros2_arm_ws/install/robot/share/robot/environment/ament_prefix_path.dsv
[0.872s] -- Installing: /home/minhquang/ros2_arm_ws/install/robot/share/robot/environment/path.sh
[0.872s] -- Installing: /home/minhquang/ros2_arm_ws/install/robot/share/robot/environment/path.dsv
[0.872s] -- Installing: /home/minhquang/ros2_arm_ws/install/robot/share/robot/local_setup.bash
[0.872s] -- Installing: /home/minhquang/ros2_arm_ws/install/robot/share/robot/local_setup.sh
[0.872s] -- Installing: /home/minhquang/ros2_arm_ws/install/robot/share/robot/local_setup.zsh
[0.872s] -- Installing: /home/minhquang/ros2_arm_ws/install/robot/share/robot/local_setup.dsv
[0.872s] -- Installing: /home/minhquang/ros2_arm_ws/install/robot/share/robot/package.dsv
[0.872s] -- Installing: /home/minhquang/ros2_arm_ws/install/robot/share/ament_index/resource_index/packages/robot
[0.873s] -- Installing: /home/minhquang/ros2_arm_ws/install/robot/share/robot/cmake/robotConfig.cmake
[0.873s] -- Installing: /home/minhquang/ros2_arm_ws/install/robot/share/robot/cmake/robotConfig-version.cmake
[0.873s] -- Installing: /home/minhquang/ros2_arm_ws/install/robot/share/robot/package.xml
[0.874s] Invoked command in '/home/minhquang/ros2_arm_ws/build/robot' returned '0': CMAKE_PREFIX_PATH=${CMAKE_PREFIX_PATH}:/opt/ros/jazzy DEBUGINFOD_URLS=https://debuginfod.ubuntu.com /usr/bin/cmake --install /home/minhquang/ros2_arm_ws/build/robot
