[0.007s] Invoking command in '/home/minhquang/ros2_arm_ws/build/robot_moveit': AMENT_PREFIX_PATH=/home/minhquang/ros2_arm_ws/install/robot:${AMENT_PREFIX_PATH} CMAKE_PREFIX_PATH=/home/minhquang/ros2_arm_ws/install/robot:/opt/ros/jazzy/opt/gz_sim_vendor:/opt/ros/jazzy/opt/gz_sensors_vendor:/opt/ros/jazzy/opt/gz_physics_vendor:/opt/ros/jazzy/opt/sdformat_vendor:/opt/ros/jazzy/opt/gz_gui_vendor:/opt/ros/jazzy/opt/gz_transport_vendor:/opt/ros/jazzy/opt/gz_rendering_vendor:/opt/ros/jazzy/opt/gz_plugin_vendor:/opt/ros/jazzy/opt/gz_fuel_tools_vendor:/opt/ros/jazzy/opt/gz_msgs_vendor:/opt/ros/jazzy/opt/gz_common_vendor:/opt/ros/jazzy/opt/gz_math_vendor:/opt/ros/jazzy/opt/gz_utils_vendor:/opt/ros/jazzy/opt/gz_tools_vendor:/opt/ros/jazzy/opt/gz_ogre_next_vendor:/opt/ros/jazzy/opt/gz_dartsim_vendor:/opt/ros/jazzy/opt/gz_cmake_vendor:/opt/ros/jazzy DEBUGINFOD_URLS=https://debuginfod.ubuntu.com /usr/bin/cmake /home/minhquang/ros2_arm_ws/src/robot_moveit -DCMAKE_INSTALL_PREFIX=/home/minhquang/ros2_arm_ws/install/robot_moveit
[0.061s] -- The C compiler identification is GNU 13.3.0
[0.117s] -- The CXX compiler identification is GNU 13.3.0
[0.134s] -- Detecting C compiler ABI info
[0.230s] -- Detecting C compiler ABI info - done
[0.242s] -- Check for working C compiler: /usr/bin/cc - skipped
[0.242s] -- Detecting C compile features
[0.243s] -- Detecting C compile features - done
[0.253s] -- Detecting CXX compiler ABI info
[0.363s] -- Detecting CXX compiler ABI info - done
[0.374s] -- Check for working CXX compiler: /usr/bin/c++ - skipped
[0.374s] -- Detecting CXX compile features
[0.374s] -- Detecting CXX compile features - done
[0.379s] -- Found ament_cmake: 2.5.4 (/opt/ros/jazzy/share/ament_cmake/cmake)
[0.546s] -- Found Python3: /usr/bin/python3 (found version "3.12.3") found components: Interpreter 
[0.766s] -- Configuring done (0.8s)
[0.769s] -- Generating done (0.0s)
[0.771s] -- Build files have been written to: /home/minhquang/ros2_arm_ws/build/robot_moveit
[0.776s] Invoked command in '/home/minhquang/ros2_arm_ws/build/robot_moveit' returned '0': AMENT_PREFIX_PATH=/home/minhquang/ros2_arm_ws/install/robot:${AMENT_PREFIX_PATH} CMAKE_PREFIX_PATH=/home/minhquang/ros2_arm_ws/install/robot:/opt/ros/jazzy/opt/gz_sim_vendor:/opt/ros/jazzy/opt/gz_sensors_vendor:/opt/ros/jazzy/opt/gz_physics_vendor:/opt/ros/jazzy/opt/sdformat_vendor:/opt/ros/jazzy/opt/gz_gui_vendor:/opt/ros/jazzy/opt/gz_transport_vendor:/opt/ros/jazzy/opt/gz_rendering_vendor:/opt/ros/jazzy/opt/gz_plugin_vendor:/opt/ros/jazzy/opt/gz_fuel_tools_vendor:/opt/ros/jazzy/opt/gz_msgs_vendor:/opt/ros/jazzy/opt/gz_common_vendor:/opt/ros/jazzy/opt/gz_math_vendor:/opt/ros/jazzy/opt/gz_utils_vendor:/opt/ros/jazzy/opt/gz_tools_vendor:/opt/ros/jazzy/opt/gz_ogre_next_vendor:/opt/ros/jazzy/opt/gz_dartsim_vendor:/opt/ros/jazzy/opt/gz_cmake_vendor:/opt/ros/jazzy DEBUGINFOD_URLS=https://debuginfod.ubuntu.com /usr/bin/cmake /home/minhquang/ros2_arm_ws/src/robot_moveit -DCMAKE_INSTALL_PREFIX=/home/minhquang/ros2_arm_ws/install/robot_moveit
[0.777s] Invoking command in '/home/minhquang/ros2_arm_ws/build/robot_moveit': AMENT_PREFIX_PATH=/home/minhquang/ros2_arm_ws/install/robot:${AMENT_PREFIX_PATH} CMAKE_PREFIX_PATH=/home/minhquang/ros2_arm_ws/install/robot:/opt/ros/jazzy/opt/gz_sim_vendor:/opt/ros/jazzy/opt/gz_sensors_vendor:/opt/ros/jazzy/opt/gz_physics_vendor:/opt/ros/jazzy/opt/sdformat_vendor:/opt/ros/jazzy/opt/gz_gui_vendor:/opt/ros/jazzy/opt/gz_transport_vendor:/opt/ros/jazzy/opt/gz_rendering_vendor:/opt/ros/jazzy/opt/gz_plugin_vendor:/opt/ros/jazzy/opt/gz_fuel_tools_vendor:/opt/ros/jazzy/opt/gz_msgs_vendor:/opt/ros/jazzy/opt/gz_common_vendor:/opt/ros/jazzy/opt/gz_math_vendor:/opt/ros/jazzy/opt/gz_utils_vendor:/opt/ros/jazzy/opt/gz_tools_vendor:/opt/ros/jazzy/opt/gz_ogre_next_vendor:/opt/ros/jazzy/opt/gz_dartsim_vendor:/opt/ros/jazzy/opt/gz_cmake_vendor:/opt/ros/jazzy DEBUGINFOD_URLS=https://debuginfod.ubuntu.com /usr/bin/cmake --build /home/minhquang/ros2_arm_ws/build/robot_moveit -- -j8 -l8
[0.817s] Invoked command in '/home/minhquang/ros2_arm_ws/build/robot_moveit' returned '0': AMENT_PREFIX_PATH=/home/minhquang/ros2_arm_ws/install/robot:${AMENT_PREFIX_PATH} CMAKE_PREFIX_PATH=/home/minhquang/ros2_arm_ws/install/robot:/opt/ros/jazzy/opt/gz_sim_vendor:/opt/ros/jazzy/opt/gz_sensors_vendor:/opt/ros/jazzy/opt/gz_physics_vendor:/opt/ros/jazzy/opt/sdformat_vendor:/opt/ros/jazzy/opt/gz_gui_vendor:/opt/ros/jazzy/opt/gz_transport_vendor:/opt/ros/jazzy/opt/gz_rendering_vendor:/opt/ros/jazzy/opt/gz_plugin_vendor:/opt/ros/jazzy/opt/gz_fuel_tools_vendor:/opt/ros/jazzy/opt/gz_msgs_vendor:/opt/ros/jazzy/opt/gz_common_vendor:/opt/ros/jazzy/opt/gz_math_vendor:/opt/ros/jazzy/opt/gz_utils_vendor:/opt/ros/jazzy/opt/gz_tools_vendor:/opt/ros/jazzy/opt/gz_ogre_next_vendor:/opt/ros/jazzy/opt/gz_dartsim_vendor:/opt/ros/jazzy/opt/gz_cmake_vendor:/opt/ros/jazzy DEBUGINFOD_URLS=https://debuginfod.ubuntu.com /usr/bin/cmake --build /home/minhquang/ros2_arm_ws/build/robot_moveit -- -j8 -l8
[0.818s] Invoking command in '/home/minhquang/ros2_arm_ws/build/robot_moveit': AMENT_PREFIX_PATH=/home/minhquang/ros2_arm_ws/install/robot:${AMENT_PREFIX_PATH} CMAKE_PREFIX_PATH=/home/minhquang/ros2_arm_ws/install/robot:/opt/ros/jazzy/opt/gz_sim_vendor:/opt/ros/jazzy/opt/gz_sensors_vendor:/opt/ros/jazzy/opt/gz_physics_vendor:/opt/ros/jazzy/opt/sdformat_vendor:/opt/ros/jazzy/opt/gz_gui_vendor:/opt/ros/jazzy/opt/gz_transport_vendor:/opt/ros/jazzy/opt/gz_rendering_vendor:/opt/ros/jazzy/opt/gz_plugin_vendor:/opt/ros/jazzy/opt/gz_fuel_tools_vendor:/opt/ros/jazzy/opt/gz_msgs_vendor:/opt/ros/jazzy/opt/gz_common_vendor:/opt/ros/jazzy/opt/gz_math_vendor:/opt/ros/jazzy/opt/gz_utils_vendor:/opt/ros/jazzy/opt/gz_tools_vendor:/opt/ros/jazzy/opt/gz_ogre_next_vendor:/opt/ros/jazzy/opt/gz_dartsim_vendor:/opt/ros/jazzy/opt/gz_cmake_vendor:/opt/ros/jazzy DEBUGINFOD_URLS=https://debuginfod.ubuntu.com /usr/bin/cmake --install /home/minhquang/ros2_arm_ws/build/robot_moveit
[0.826s] -- Install configuration: ""
[0.826s] -- Installing: /home/minhquang/ros2_arm_ws/install/robot_moveit/share/ament_index/resource_index/package_run_dependencies/robot_moveit
[0.827s] -- Installing: /home/minhquang/ros2_arm_ws/install/robot_moveit/share/ament_index/resource_index/parent_prefix_path/robot_moveit
[0.827s] -- Installing: /home/minhquang/ros2_arm_ws/install/robot_moveit/share/robot_moveit/environment/ament_prefix_path.sh
[0.827s] -- Installing: /home/minhquang/ros2_arm_ws/install/robot_moveit/share/robot_moveit/environment/ament_prefix_path.dsv
[0.827s] -- Installing: /home/minhquang/ros2_arm_ws/install/robot_moveit/share/robot_moveit/environment/path.sh
[0.827s] -- Installing: /home/minhquang/ros2_arm_ws/install/robot_moveit/share/robot_moveit/environment/path.dsv
[0.827s] -- Installing: /home/minhquang/ros2_arm_ws/install/robot_moveit/share/robot_moveit/local_setup.bash
[0.827s] -- Installing: /home/minhquang/ros2_arm_ws/install/robot_moveit/share/robot_moveit/local_setup.sh
[0.827s] -- Installing: /home/minhquang/ros2_arm_ws/install/robot_moveit/share/robot_moveit/local_setup.zsh
[0.828s] -- Installing: /home/minhquang/ros2_arm_ws/install/robot_moveit/share/robot_moveit/local_setup.dsv
[0.828s] -- Installing: /home/minhquang/ros2_arm_ws/install/robot_moveit/share/robot_moveit/package.dsv
[0.828s] -- Installing: /home/minhquang/ros2_arm_ws/install/robot_moveit/share/ament_index/resource_index/packages/robot_moveit
[0.828s] -- Installing: /home/minhquang/ros2_arm_ws/install/robot_moveit/share/robot_moveit/cmake/robot_moveitConfig.cmake
[0.828s] -- Installing: /home/minhquang/ros2_arm_ws/install/robot_moveit/share/robot_moveit/cmake/robot_moveitConfig-version.cmake
[0.828s] -- Installing: /home/minhquang/ros2_arm_ws/install/robot_moveit/share/robot_moveit/package.xml
[0.829s] -- Installing: /home/minhquang/ros2_arm_ws/install/robot_moveit/share/robot_moveit/config
[0.829s] -- Installing: /home/minhquang/ros2_arm_ws/install/robot_moveit/share/robot_moveit/config/pilz_cartesian_limits.yaml
[0.829s] -- Installing: /home/minhquang/ros2_arm_ws/install/robot_moveit/share/robot_moveit/config/initial_positions.yaml
[0.829s] -- Installing: /home/minhquang/ros2_arm_ws/install/robot_moveit/share/robot_moveit/config/robot.srdf
[0.829s] -- Installing: /home/minhquang/ros2_arm_ws/install/robot_moveit/share/robot_moveit/config/sensors_3d.yaml
[0.829s] -- Installing: /home/minhquang/ros2_arm_ws/install/robot_moveit/share/robot_moveit/config/moveit_controllers.yaml
[0.829s] -- Installing: /home/minhquang/ros2_arm_ws/install/robot_moveit/share/robot_moveit/config/moveit.rviz
[0.829s] -- Installing: /home/minhquang/ros2_arm_ws/install/robot_moveit/share/robot_moveit/config/ros2_controllers.yaml
[0.829s] -- Installing: /home/minhquang/ros2_arm_ws/install/robot_moveit/share/robot_moveit/config/joint_limits.yaml
[0.829s] -- Installing: /home/minhquang/ros2_arm_ws/install/robot_moveit/share/robot_moveit/config/robot.ros2_control.xacro
[0.829s] -- Installing: /home/minhquang/ros2_arm_ws/install/robot_moveit/share/robot_moveit/config/kinematics.yaml
[0.830s] -- Installing: /home/minhquang/ros2_arm_ws/install/robot_moveit/share/robot_moveit/launch
[0.830s] -- Installing: /home/minhquang/ros2_arm_ws/install/robot_moveit/share/robot_moveit/launch/setup_assistant.launch.py
[0.830s] -- Installing: /home/minhquang/ros2_arm_ws/install/robot_moveit/share/robot_moveit/launch/spawn_controllers.launch.py
[0.830s] -- Installing: /home/minhquang/ros2_arm_ws/install/robot_moveit/share/robot_moveit/launch/static_virtual_joint_tfs.launch.py
[0.830s] -- Installing: /home/minhquang/ros2_arm_ws/install/robot_moveit/share/robot_moveit/launch/rsp.launch.py
[0.830s] -- Installing: /home/minhquang/ros2_arm_ws/install/robot_moveit/share/robot_moveit/launch/move_group.launch.py
[0.830s] -- Installing: /home/minhquang/ros2_arm_ws/install/robot_moveit/share/robot_moveit/launch/moveit_rviz.launch.py
[0.830s] -- Installing: /home/minhquang/ros2_arm_ws/install/robot_moveit/share/robot_moveit/launch/demo.launch.py
[0.830s] -- Installing: /home/minhquang/ros2_arm_ws/install/robot_moveit/share/robot_moveit/launch/warehouse_db.launch.py
[0.830s] -- Installing: /home/minhquang/ros2_arm_ws/install/robot_moveit/share/robot_moveit/launch/moveit_gazebo.launch.py
[0.831s] -- Up-to-date: /home/minhquang/ros2_arm_ws/install/robot_moveit/share/robot_moveit/config
[0.831s] -- Up-to-date: /home/minhquang/ros2_arm_ws/install/robot_moveit/share/robot_moveit/config/pilz_cartesian_limits.yaml
[0.831s] -- Up-to-date: /home/minhquang/ros2_arm_ws/install/robot_moveit/share/robot_moveit/config/initial_positions.yaml
[0.831s] -- Up-to-date: /home/minhquang/ros2_arm_ws/install/robot_moveit/share/robot_moveit/config/robot.srdf
[0.831s] -- Up-to-date: /home/minhquang/ros2_arm_ws/install/robot_moveit/share/robot_moveit/config/sensors_3d.yaml
[0.831s] -- Up-to-date: /home/minhquang/ros2_arm_ws/install/robot_moveit/share/robot_moveit/config/moveit_controllers.yaml
[0.831s] -- Up-to-date: /home/minhquang/ros2_arm_ws/install/robot_moveit/share/robot_moveit/config/moveit.rviz
[0.831s] -- Up-to-date: /home/minhquang/ros2_arm_ws/install/robot_moveit/share/robot_moveit/config/ros2_controllers.yaml
[0.831s] -- Up-to-date: /home/minhquang/ros2_arm_ws/install/robot_moveit/share/robot_moveit/config/joint_limits.yaml
[0.831s] -- Up-to-date: /home/minhquang/ros2_arm_ws/install/robot_moveit/share/robot_moveit/config/robot.ros2_control.xacro
[0.831s] -- Up-to-date: /home/minhquang/ros2_arm_ws/install/robot_moveit/share/robot_moveit/config/kinematics.yaml
[0.831s] -- Installing: /home/minhquang/ros2_arm_ws/install/robot_moveit/share/robot_moveit/.setup_assistant
[0.833s] Invoked command in '/home/minhquang/ros2_arm_ws/build/robot_moveit' returned '0': AMENT_PREFIX_PATH=/home/minhquang/ros2_arm_ws/install/robot:${AMENT_PREFIX_PATH} CMAKE_PREFIX_PATH=/home/minhquang/ros2_arm_ws/install/robot:/opt/ros/jazzy/opt/gz_sim_vendor:/opt/ros/jazzy/opt/gz_sensors_vendor:/opt/ros/jazzy/opt/gz_physics_vendor:/opt/ros/jazzy/opt/sdformat_vendor:/opt/ros/jazzy/opt/gz_gui_vendor:/opt/ros/jazzy/opt/gz_transport_vendor:/opt/ros/jazzy/opt/gz_rendering_vendor:/opt/ros/jazzy/opt/gz_plugin_vendor:/opt/ros/jazzy/opt/gz_fuel_tools_vendor:/opt/ros/jazzy/opt/gz_msgs_vendor:/opt/ros/jazzy/opt/gz_common_vendor:/opt/ros/jazzy/opt/gz_math_vendor:/opt/ros/jazzy/opt/gz_utils_vendor:/opt/ros/jazzy/opt/gz_tools_vendor:/opt/ros/jazzy/opt/gz_ogre_next_vendor:/opt/ros/jazzy/opt/gz_dartsim_vendor:/opt/ros/jazzy/opt/gz_cmake_vendor:/opt/ros/jazzy DEBUGINFOD_URLS=https://debuginfod.ubuntu.com /usr/bin/cmake --install /home/minhquang/ros2_arm_ws/build/robot_moveit
